WARNING:werkzeug: * Debugger is active!
INFO:werkzeug: * Debugger PIN: 811-044-878
INFO:werkzeug:127.0.0.1 - - [26/Mar/2024 19:13:42] "GET / HTTP/1.1" 200 -
INFO:werkzeug:[31m[1mWARNING: This is a development server. Do not use it in a production deployment. Use a production WSGI server instead.[0m
 * Running on http://127.0.0.1:5000
INFO:werkzeug:[33mPress CTRL+C to quit[0m
INFO:werkzeug: * Restarting with watchdog (windowsapi)
WARNING:werkzeug: * Debugger is active!
INFO:werkzeug: * Debugger PIN: 811-044-878
INFO:werkzeug:127.0.0.1 - - [26/Mar/2024 19:17:08] "GET / HTTP/1.1" 200 -
INFO:werkzeug:127.0.0.1 - - [26/Mar/2024 19:18:02] "GET / HTTP/1.1" 200 -
INFO:werkzeug: * Detected change in 'D:\\Personal\\Final Yr Proj\\IPL\\App.py', reloading
INFO:werkzeug: * Detected change in 'D:\\Personal\\Final Yr Proj\\IPL\\App.py', reloading
INFO:werkzeug: * Restarting with watchdog (windowsapi)
INFO:werkzeug:[31m[1mWARNING: This is a development server. Do not use it in a production deployment. Use a production WSGI server instead.[0m
 * Running on http://127.0.0.1:5000
INFO:werkzeug:[33mPress CTRL+C to quit[0m
INFO:werkzeug: * Restarting with watchdog (windowsapi)
WARNING:werkzeug: * Debugger is active!
INFO:werkzeug: * Debugger PIN: 811-044-878
INFO:werkzeug:127.0.0.1 - - [26/Mar/2024 19:19:32] "GET / HTTP/1.1" 200 -
INFO:werkzeug: * Detected change in 'D:\\Personal\\Final Yr Proj\\IPL\\App.py', reloading
INFO:werkzeug: * Detected change in 'D:\\Personal\\Final Yr Proj\\IPL\\ipl_app\\App.py', reloading
INFO:werkzeug: * Detected change in 'D:\\Personal\\Final Yr Proj\\IPL\\ipl_app\\App.py', reloading
INFO:werkzeug: * Restarting with watchdog (windowsapi)
INFO:werkzeug:[31m[1mWARNING: This is a development server. Do not use it in a production deployment. Use a production WSGI server instead.[0m
 * Running on http://127.0.0.1:5000
INFO:werkzeug:[33mPress CTRL+C to quit[0m
INFO:werkzeug: * Restarting with watchdog (windowsapi)
WARNING:werkzeug: * Debugger is active!
INFO:werkzeug: * Debugger PIN: 811-044-878
INFO:werkzeug: * Detected change in 'D:\\Personal\\Final Yr Proj\\IPL\\App.py', reloading
INFO:werkzeug: * Detected change in 'D:\\Personal\\Final Yr Proj\\IPL\\App.py', reloading
INFO:werkzeug: * Detected change in 'D:\\Personal\\Final Yr Proj\\IPL\\App.py', reloading
INFO:werkzeug: * Restarting with watchdog (windowsapi)
WARNING:werkzeug: * Debugger is active!
INFO:werkzeug: * Debugger PIN: 811-044-878
INFO:werkzeug: * Detected change in 'D:\\Personal\\Final Yr Proj\\IPL\\App.py', reloading
INFO:werkzeug: * Detected change in 'D:\\Personal\\Final Yr Proj\\IPL\\App.py', reloading
INFO:werkzeug: * Restarting with watchdog (windowsapi)
WARNING:werkzeug: * Debugger is active!
INFO:werkzeug: * Debugger PIN: 811-044-878
INFO:werkzeug:127.0.0.1 - - [26/Mar/2024 19:21:50] "GET / HTTP/1.1" 200 -
INFO:werkzeug:127.0.0.1 - - [26/Mar/2024 19:22:49] "[31m[1mGET /predict HTTP/1.1[0m" 405 -
INFO:werkzeug: * Detected change in 'C:\\Users\\promi\\AppData\\Local\\Programs\\Python\\Python311\\Lib\\site-packages\\werkzeug\\_internal.py', reloading
INFO:werkzeug: * Detected change in 'C:\\Users\\promi\\AppData\\Local\\Programs\\Python\\Python311\\Lib\\site-packages\\werkzeug\\user_agent.py', reloading
INFO:werkzeug: * Restarting with watchdog (windowsapi)
WARNING:werkzeug: * Debugger is active!
INFO:werkzeug: * Debugger PIN: 811-044-878
INFO:werkzeug: * Detected change in 'D:\\Personal\\Final Yr Proj\\IPL\\App.py', reloading
INFO:werkzeug: * Detected change in 'D:\\Personal\\Final Yr Proj\\IPL\\App.py', reloading
INFO:werkzeug: * Detected change in 'D:\\Personal\\Final Yr Proj\\IPL\\App.py', reloading
INFO:werkzeug: * Restarting with watchdog (windowsapi)
WARNING:werkzeug: * Debugger is active!
INFO:werkzeug: * Debugger PIN: 811-044-878
INFO:werkzeug: * Detected change in 'D:\\Personal\\Final Yr Proj\\IPL\\App.py', reloading
INFO:werkzeug: * Detected change in 'D:\\Personal\\Final Yr Proj\\IPL\\App.py', reloading
INFO:werkzeug: * Restarting with watchdog (windowsapi)
WARNING:werkzeug: * Debugger is active!
INFO:werkzeug: * Debugger PIN: 811-044-878
INFO:werkzeug:127.0.0.1 - - [26/Mar/2024 19:25:09] "[31m[1mGET /predict HTTP/1.1[0m" 405 -
INFO:werkzeug:127.0.0.1 - - [26/Mar/2024 19:25:14] "GET / HTTP/1.1" 200 -
INFO:werkzeug: * Detected change in 'D:\\Personal\\Final Yr Proj\\IPL\\App.py', reloading
INFO:werkzeug: * Detected change in 'D:\\Personal\\Final Yr Proj\\IPL\\App.py', reloading
INFO:werkzeug: * Restarting with watchdog (windowsapi)
WARNING:werkzeug: * Debugger is active!
INFO:werkzeug: * Debugger PIN: 811-044-878
INFO:werkzeug: * Detected change in 'D:\\Personal\\Final Yr Proj\\IPL\\App.py', reloading
INFO:werkzeug: * Detected change in 'D:\\Personal\\Final Yr Proj\\IPL\\App.py', reloading
INFO:werkzeug: * Restarting with watchdog (windowsapi)
WARNING:werkzeug: * Debugger is active!
INFO:werkzeug: * Debugger PIN: 811-044-878
INFO:werkzeug: * Detected change in 'D:\\Personal\\Final Yr Proj\\IPL\\App.py', reloading
INFO:werkzeug: * Detected change in 'D:\\Personal\\Final Yr Proj\\IPL\\App.py', reloading
INFO:werkzeug: * Restarting with watchdog (windowsapi)
INFO:werkzeug: * Restarting with watchdog (windowsapi)
INFO:werkzeug: * Restarting with watchdog (windowsapi)
